Arguments: 
  /Users/bala/.nvm/versions/node/v14.18.1/bin/node /Users/bala/.nvm/versions/node/v14.18.1/bin/yarn publish

PATH: 
  /usr/local/opt/mysql@5.6/bin:/Users/bala/.nvm/versions/node/v14.18.1/bin:/usr/local/bin:/usr/bin:/bin:/usr/sbin:/sbin:/Library/Apple/usr/bin:/Users/bala/FlutterDev/flutter/bin

Yarn version: 
  1.22.17

Node version: 
  14.18.1

Platform: 
  darwin x64

Trace: 
  Error: canceled
      at Interface.<anonymous> (/Users/bala/.nvm/versions/node/v14.18.1/lib/node_modules/yarn/lib/cli.js:137143:13)
      at Interface.emit (events.js:400:28)
      at Interface._ttyWrite (readline.js:1001:16)
      at ReadStream.onkeypress (readline.js:265:10)
      at ReadStream.emit (events.js:400:28)
      at emitKeys (internal/readline/utils.js:358:14)
      at emitKeys.next (<anonymous>)
      at ReadStream.onData (readline.js:1270:36)
      at ReadStream.emit (events.js:400:28)
      at addChunk (internal/streams/readable.js:293:12)

npm manifest: 
  {
    "name": "@zudoinnovations/strapi-ckeditor5",
    "version": "0.0.7",
    "description": "Replace Strapi default WYSIWYG editor with enhanced build of CKEditor 5",
    "private": false,
    "keywords": [
      "ckeditor5-build",
      "ckeditor",
      "ckeditor5",
      "ckeditor 5",
      "wysiwyg",
      "rich text",
      "editor",
      "html",
      "contentEditable",
      "editing",
      "operational transformation",
      "ot",
      "collaboration",
      "collaborative",
      "real-time",
      "framework",
      "strapi"
    ],
    "files": [
      "admin",
      "strapi-admin.js"
    ],
    "strapi": {
      "name": "strapi-plugin-ckeditor5",
      "displayName": "CKEditor 5",
      "description": "Replace Strapi default WYSIWYG editor with enhanced build of CKEditor 5",
      "kind": "plugin"
    },
    "author": {
      "name": "Zudo Innovations"
    },
    "bugs": {
      "url": "https://github.com/ZudoInnovations/Portal_Packages/issues"
    },
    "homepage": "https://github.com/ZudoInnovations/Portal_Packages#readme",
    "repository": {
      "type": "git",
      "url": "git+https://github.com/ZudoInnovations/Portal_Packages.git",
      "directory": "strapi-ckeditor5"
    },
    "publishConfig": {
      "registry": "https://npm.pkg.github.com/"
    },
    "scripts": {
      "postversion": "git push && git push --tags"
    },
    "dependencies": {
      "@ckeditor/ckeditor5-react": "^3.0.3",
      "@strapi/design-system": "^0.0.1-alpha.70",
      "@strapi/helper-plugin": "^4.0.0",
      "@zudoinnovations/ckeditor5": "^1.0.0",
      "react": "^17.0.2",
      "react-dom": "^17.0.2"
    },
    "engines": {
      "node": ">=10.0.0"
    },
    "license": "MIT"
  }

yarn manifest: 
  No manifest

Lockfile: 
  No lockfile
